<?xml version="1.0" encoding="UTF-8"?>
<!-- Generated by org.testng.reporters.JUnitReportReporter -->
<testsuite hostname="GLB-343-PC" failures="0" tests="3" name="com.crm.testcases.LoginPageTest" time="28.308" errors="0" timestamp="10 Nov 2018 07:12:21 GMT" skipped="0">
  <testcase classname="com.crm.testcases.LoginPageTest" name="loginPageTitle" time="6.443"/>
  <testcase classname="com.crm.testcases.LoginPageTest" name="loginTest" time="14.450"/>
  <testcase classname="com.crm.testcases.LoginPageTest" name="crmLogoTest" time="7.415"/>
</testsuite> <!-- com.crm.testcases.LoginPageTest -->
