<?xml version="1.0" encoding="UTF-8"?>
<!-- Generated by org.testng.reporters.JUnitReportReporter -->
<testsuite hostname="GLB-343-PC" failures="0" tests="3" name="com.crm.testcases.HomePageTest" time="62.162" errors="0" timestamp="12 Nov 2018 10:45:59 GMT" skipped="0">
  <testcase classname="com.crm.testcases.HomePageTest" name="varifyHomepageTest" time="22.222"/>
  <testcase classname="com.crm.testcases.HomePageTest" name="varifyUsernameTest" time="18.409"/>
  <testcase classname="com.crm.testcases.HomePageTest" name="varifyContactsLinkTest" time="21.531"/>
</testsuite> <!-- com.crm.testcases.HomePageTest -->
