<?xml version="1.0" encoding="UTF-8"?>
<!-- Generated by org.testng.reporters.JUnitReportReporter -->
<testsuite hostname="GLB-343-PC" failures="0" tests="2" name="com.crm.testcases.ContactPageTest" time="42.447" errors="0" timestamp="10 Nov 2018 07:12:21 GMT" skipped="0">
  <testcase classname="com.crm.testcases.ContactPageTest" name="selectContacTest" time="19.604"/>
  <testcase classname="com.crm.testcases.ContactPageTest" name="varifyContactLevelTest" time="22.843"/>
</testsuite> <!-- com.crm.testcases.ContactPageTest -->
