<?xml version="1.0" encoding="UTF-8"?>
<!-- Generated by org.testng.reporters.JUnitReportReporter -->
<testsuite hostname="GLB-343-PC" failures="0" tests="3" name="com.crm.testcases.LoginPageTest" time="42.151" errors="0" timestamp="12 Nov 2018 10:45:59 GMT" skipped="0">
  <testcase classname="com.crm.testcases.LoginPageTest" name="loginTest" time="22.003"/>
  <testcase classname="com.crm.testcases.LoginPageTest" name="crmLogoTest" time="11.392"/>
  <testcase classname="com.crm.testcases.LoginPageTest" name="loginPageTitle" time="8.756"/>
</testsuite> <!-- com.crm.testcases.LoginPageTest -->
