<?xml version="1.0" encoding="UTF-8"?>
<!-- Generated by org.testng.reporters.JUnitReportReporter -->
<testsuite hostname="GLB-343-PC" failures="0" tests="3" name="com.crm.testcases.HomePageTest" time="51.241" errors="0" timestamp="10 Nov 2018 07:12:21 GMT" skipped="0">
  <testcase classname="com.crm.testcases.HomePageTest" name="varifyContactsLinkTest" time="20.340"/>
  <testcase classname="com.crm.testcases.HomePageTest" name="varifyUsernameTest" time="14.604"/>
  <testcase classname="com.crm.testcases.HomePageTest" name="varifyHomepageTest" time="16.297"/>
</testsuite> <!-- com.crm.testcases.HomePageTest -->
